<?xml version="1.0" encoding="UTF-8"?>
<!-- Generated by org.testng.reporters.JUnitXMLReporter -->
<testsuite ignored="0" hostname="DESKTOP-LNAFOEG" failures="1" tests="7" name="Test" time="65.976" errors="0" timestamp="2024-08-04T19:30:44 IST">
  <testcase classname="com.paramount.tests.Register" name="verifyRegisteringAccountWithAllFields" time="1.732">
    <failure type="java.lang.AssertionError" message="Text is not matching expected [Your Account Has Been Created!] but found [Register Account]">
      <![CDATA[java.lang.AssertionError: Text is not matching expected [Your Account Has Been Created!] but found [Register Account]
at com.paramount.tests.Register.verifyRegisteringAccountWithAllFields(Register.java:54)
at java.base/java.util.ArrayList.forEach(ArrayList.java:1511)
... Removed 32 stack frames]]>
    </failure>
  </testcase> <!-- verifyRegisteringAccountWithAllFields -->
  <testcase classname="com.paramount.tests.Register" name="verifyRegisteringAccountWithDuplicateEmail" time="1.724"/>
  <testcase classname="com.paramount.tests.Register" name="verifyRegisteringAccountWithMandatoryFields" time="4.318"/>
  <testcase classname="com.paramount.tests.Login" name="verifyLoginWithValidCredentials" time="1.247"/>
  <testcase classname="com.paramount.tests.Login" name="verifyLoginWithInvalidCredentials" time="11.276"/>
  <testcase classname="com.paramount.tests.Login" name="verifyLoginWithInvalidUsername" time="1.203"/>
  <testcase classname="com.paramount.tests.Login" name="verifyLoginWithInvalidPassword" time="1.25"/>
</testsuite> <!-- Test -->
